
chdir(C:\Users\Administrator\AppData\Local\nvim)
chdir(vim/)
chdir(C:\Users\Administrator\AppData\Local\nvim)
chdir(C:\Users\Administrator\AppData\Local\nvim)
chdir(vim/)
chdir(C:\Users\Administrator\AppData\Local\nvim)
chdir(C:\Users\Administrator\AppData\Local\nvim)
chdir(vim/)
chdir(C:\Users\Administrator\AppData\Local\nvim)
chdir(C:\Users\Administrator\AppData\Local\nvim)
chdir(vim/)
chdir(C:\Users\Administrator\AppData\Local\nvim)
chdir(C:\Users\Administrator\AppData\Local\nvim)
chdir(vim/)
chdir(C:\Users\Administrator\AppData\Local\nvim)
chdir(C:\Users\Administrator\AppData\Local\nvim)
chdir(vim/)
chdir(C:\Users\Administrator\AppData\Local\nvim)
chdir(C:\Users\Administrator\AppData\Local\nvim)
chdir(vim/)
chdir(C:\Users\Administrator\AppData\Local\nvim)
chdir(C:\Users\Administrator\AppData\Local\nvim)
chdir(vim/)
chdir(C:\Users\Administrator\AppData\Local\nvim)
chdir(C:\Users\Administrator\AppData\Local\nvim)
chdir(vim/)
chdir(C:\Users\Administrator\AppData\Local\nvim)
chdir(C:\Users\Administrator\AppData\Local\nvim)
chdir(vim/)
chdir(C:\Users\Administrator\AppData\Local\nvim)
chdir(C:\Users\Administrator\AppData\Local\nvim)
chdir(vim/)
chdir(C:\Users\Administrator\AppData\Local\nvim)
chdir(C:\Users\Administrator\AppData\Local\nvim)
chdir(vim/)
chdir(C:\Users\Administrator\AppData\Local\nvim)
sourcing "C:\Users\Administrator\AppData\Local\bob\v0.9.4\nvim-win64\share\nvim\runtime\ftplugin.vim"
finished sourcing C:\Users\Administrator\AppData\Local\bob\v0.9.4\nvim-win64\share\nvim\runtime\ftplugin.vim
sourcing "C:\Users\Administrator\AppData\Local\bob\v0.9.4\nvim-win64\share\nvim\runtime\indent.vim"
finished sourcing C:\Users\Administrator\AppData\Local\bob\v0.9.4\nvim-win64\share\nvim\runtime\indent.vim
could not source "$VIM\sysinit.vim"
sourcing "C:\Users\Administrator\AppData\Local\nvim\init.lua"
not found in runtime path: "colors/noctis_azureus.vim"
line 0: sourcing "C:\Users\Administrator\AppData\Local\nvim-data\site\pack\packer\start\noctis.nvim\colors\noctis_azureus.lua"
finished sourcing C:\Users\Administrator\AppData\Local\nvim-data\site\pack\packer\start\noctis.nvim\colors\noctis_azureus.lua
continuing in nvim_exec2() called at C:\Users\Administrator\AppData\Local\nvim\init.lua:0
chdir(C:\Users\Administrator\AppData\Local\nvim)
chdir(vim/)
chdir(C:\Users\Administrator\AppData\Local\nvim)
not found in 'packpath': "pack/*/opt/packer.nvim"
chdir(C:\Users\Administrator\AppData\Local\nvim)
chdir(vim/)
chdir(C:\Users\Administrator\AppData\Local\nvim)
chdir(C:\Users\Administrator\AppData\Local\nvim)
chdir(vim/)
chdir(C:\Users\Administrator\AppData\Local\nvim)
chdir(C:\Users\Administrator\AppData\Local\nvim)
chdir(vim/)
chdir(C:\Users\Administrator\AppData\Local\nvim)
chdir(C:\Users\Administrator\AppData\Local\nvim)
chdir(vim/)
chdir(C:\Users\Administrator\AppData\Local\nvim)
chdir(C:\Users\Administrator\AppData\Local\nvim)
chdir(vim/)
chdir(C:\Users\Administrator\AppData\Local\nvim)
chdir(C:\Users\Administrator\AppData\Local\nvim)
chdir(vim/)
chdir(C:\Users\Administrator\AppData\Local\nvim)
chdir(C:\Users\Administrator\AppData\Local\nvim)
chdir(vim/)
chdir(C:\Users\Administrator\AppData\Local\nvim)
chdir(C:\Users\Administrator\AppData\Local\nvim)
chdir(vim/)
chdir(C:\Users\Administrator\AppData\Local\nvim)
chdir(C:\Users\Administrator\AppData\Local\nvim)
chdir(vim/)
chdir(C:\Users\Administrator\AppData\Local\nvim)
chdir(C:\Users\Administrator\AppData\Local\nvim)
chdir(vim/)
chdir(C:\Users\Administrator\AppData\Local\nvim)
chdir(C:\Users\Administrator\AppData\Local\nvim)
chdir(vim/)
chdir(C:\Users\Administrator\AppData\Local\nvim)
chdir(C:\Users\Administrator\AppData\Local\nvim)
chdir(vim/)
chdir(C:\Users\Administrator\AppData\Local\nvim)
chdir(C:\Users\Administrator\AppData\Local\nvim)
chdir(vim/)
chdir(C:\Users\Administrator\AppData\Local\nvim)
chdir(C:\Users\Administrator\AppData\Local\nvim)
chdir(vim/)
chdir(C:\Users\Administrator\AppData\Local\nvim)
chdir(C:\Users\Administrator\AppData\Local\nvim)
chdir(vim/)
chdir(C:\Users\Administrator\AppData\Local\nvim)
chdir(C:\Users\Administrator\AppData\Local\nvim)
chdir(vim/)
chdir(C:\Users\Administrator\AppData\Local\nvim)
chdir(C:\Users\Administrator\AppData\Local\nvim)
chdir(vim/)
chdir(C:\Users\Administrator\AppData\Local\nvim)
chdir(C:\Users\Administrator\AppData\Local\nvim)
chdir(vim/)
chdir(C:\Users\Administrator\AppData\Local\nvim)
chdir(C:\Users\Administrator\AppData\Local\nvim)
chdir(vim/)
chdir(C:\Users\Administrator\AppData\Local\nvim)
chdir(C:\Users\Administrator\AppData\Local\nvim)
chdir(vim/)
chdir(C:\Users\Administrator\AppData\Local\nvim)
chdir(C:\Users\Administrator\AppData\Local\nvim)
chdir(vim/)
chdir(C:\Users\Administrator\AppData\Local\nvim)
chdir(C:\Users\Administrator\AppData\Local\nvim)
chdir(vim/)
chdir(C:\Users\Administrator\AppData\Local\nvim)
finished sourcing C:\Users\Administrator\AppData\Local\nvim\init.lua
sourcing "C:\Users\Administrator\AppData\Local\bob\v0.9.4\nvim-win64\share\nvim\runtime\filetype.lua"
line 0: sourcing "C:\Users\Administrator\AppData\Local\nvim-data\site\pack\packer\start\vim-fugitive\ftdetect\fugitive.vim"
finished sourcing C:\Users\Administrator\AppData\Local\nvim-data\site\pack\packer\start\vim-fugitive\ftdetect\fugitive.vim
continuing in nvim_exec2() called at C:\Users\Administrator\AppData\Local\bob\v0.9.4\nvim-win64\share\nvim\runtime\filetype.lua:0
line 0: sourcing "C:\Users\Administrator\AppData\Local\nvim-data\site\pack\packer\start\vimtex\ftdetect\cls.vim"
finished sourcing C:\Users\Administrator\AppData\Local\nvim-data\site\pack\packer\start\vimtex\ftdetect\cls.vim
continuing in nvim_exec2() called at C:\Users\Administrator\AppData\Local\bob\v0.9.4\nvim-win64\share\nvim\runtime\filetype.lua:0
line 0: sourcing "C:\Users\Administrator\AppData\Local\nvim-data\site\pack\packer\start\vimtex\ftdetect\tex.vim"
finished sourcing C:\Users\Administrator\AppData\Local\nvim-data\site\pack\packer\start\vimtex\ftdetect\tex.vim
continuing in nvim_exec2() called at C:\Users\Administrator\AppData\Local\bob\v0.9.4\nvim-win64\share\nvim\runtime\filetype.lua:0
line 0: sourcing "C:\Users\Administrator\AppData\Local\nvim-data\site\pack\packer\start\vimtex\ftdetect\tikz.vim"
finished sourcing C:\Users\Administrator\AppData\Local\nvim-data\site\pack\packer\start\vimtex\ftdetect\tikz.vim
continuing in nvim_exec2() called at C:\Users\Administrator\AppData\Local\bob\v0.9.4\nvim-win64\share\nvim\runtime\filetype.lua:0
not found in runtime path: "ftdetect/*.lua"
finished sourcing C:\Users\Administrator\AppData\Local\bob\v0.9.4\nvim-win64\share\nvim\runtime\filetype.lua
sourcing "C:\Users\Administrator\AppData\Local\bob\v0.9.4\nvim-win64\share\nvim\runtime\syntax\syntax.vim"
line 19: sourcing "C:\Users\Administrator\AppData\Local\bob\v0.9.4\nvim-win64\share\nvim\runtime\syntax\synload.vim"
finished sourcing C:\Users\Administrator\AppData\Local\bob\v0.9.4\nvim-win64\share\nvim\runtime\syntax\synload.vim
continuing in C:\Users\Administrator\AppData\Local\bob\v0.9.4\nvim-win64\share\nvim\runtime\syntax\syntax.vim
Executing FileType Autocommands for "*"
autocommand if !exists('b:ts_highlight') | 0verbose exe "set syntax=" . expand("<amatch>") | endif

finished sourcing C:\Users\Administrator\AppData\Local\bob\v0.9.4\nvim-win64\share\nvim\runtime\syntax\syntax.vim
sourcing "C:\Users\Administrator\AppData\Local\bob\v0.9.4\nvim-win64\share\nvim\runtime\plugin\gzip.vim"
finished sourcing C:\Users\Administrator\AppData\Local\bob\v0.9.4\nvim-win64\share\nvim\runtime\plugin\gzip.vim
sourcing "C:\Users\Administrator\AppData\Local\bob\v0.9.4\nvim-win64\share\nvim\runtime\plugin\health.vim"
finished sourcing C:\Users\Administrator\AppData\Local\bob\v0.9.4\nvim-win64\share\nvim\runtime\plugin\health.vim
sourcing "C:\Users\Administrator\AppData\Local\bob\v0.9.4\nvim-win64\share\nvim\runtime\plugin\matchit.vim"
not found in 'packpath': "pack/*/start/matchit"
line 3: sourcing "C:\Users\Administrator\AppData\Local\bob\v0.9.4\nvim-win64\share\nvim\runtime\pack\dist\opt\matchit\plugin\matchit.vim"
finished sourcing C:\Users\Administrator\AppData\Local\bob\v0.9.4\nvim-win64\share\nvim\runtime\pack\dist\opt\matchit\plugin\matchit.vim
continuing in C:\Users\Administrator\AppData\Local\bob\v0.9.4\nvim-win64\share\nvim\runtime\plugin\matchit.vim
finished sourcing C:\Users\Administrator\AppData\Local\bob\v0.9.4\nvim-win64\share\nvim\runtime\plugin\matchit.vim
sourcing "C:\Users\Administrator\AppData\Local\bob\v0.9.4\nvim-win64\share\nvim\runtime\plugin\matchparen.vim"
finished sourcing C:\Users\Administrator\AppData\Local\bob\v0.9.4\nvim-win64\share\nvim\runtime\plugin\matchparen.vim
sourcing "C:\Users\Administrator\AppData\Local\bob\v0.9.4\nvim-win64\share\nvim\runtime\plugin\netrwPlugin.vim"
finished sourcing C:\Users\Administrator\AppData\Local\bob\v0.9.4\nvim-win64\share\nvim\runtime\plugin\netrwPlugin.vim
sourcing "C:\Users\Administrator\AppData\Local\bob\v0.9.4\nvim-win64\share\nvim\runtime\plugin\rplugin.vim"
line 3: sourcing "C:\Users\Administrator\AppData\Local\nvim-data/rplugin.vim"
finished sourcing C:\Users\Administrator\AppData\Local\nvim-data/rplugin.vim
continuing in <SNR>23_LoadRemotePlugins
finished sourcing C:\Users\Administrator\AppData\Local\bob\v0.9.4\nvim-win64\share\nvim\runtime\plugin\rplugin.vim
sourcing "C:\Users\Administrator\AppData\Local\bob\v0.9.4\nvim-win64\share\nvim\runtime\plugin\shada.vim"
finished sourcing C:\Users\Administrator\AppData\Local\bob\v0.9.4\nvim-win64\share\nvim\runtime\plugin\shada.vim
sourcing "C:\Users\Administrator\AppData\Local\bob\v0.9.4\nvim-win64\share\nvim\runtime\plugin\spellfile.vim"
finished sourcing C:\Users\Administrator\AppData\Local\bob\v0.9.4\nvim-win64\share\nvim\runtime\plugin\spellfile.vim
sourcing "C:\Users\Administrator\AppData\Local\bob\v0.9.4\nvim-win64\share\nvim\runtime\plugin\tarPlugin.vim"
finished sourcing C:\Users\Administrator\AppData\Local\bob\v0.9.4\nvim-win64\share\nvim\runtime\plugin\tarPlugin.vim
sourcing "C:\Users\Administrator\AppData\Local\bob\v0.9.4\nvim-win64\share\nvim\runtime\plugin\tohtml.vim"
finished sourcing C:\Users\Administrator\AppData\Local\bob\v0.9.4\nvim-win64\share\nvim\runtime\plugin\tohtml.vim
sourcing "C:\Users\Administrator\AppData\Local\bob\v0.9.4\nvim-win64\share\nvim\runtime\plugin\tutor.vim"
finished sourcing C:\Users\Administrator\AppData\Local\bob\v0.9.4\nvim-win64\share\nvim\runtime\plugin\tutor.vim
sourcing "C:\Users\Administrator\AppData\Local\bob\v0.9.4\nvim-win64\share\nvim\runtime\plugin\zipPlugin.vim"
finished sourcing C:\Users\Administrator\AppData\Local\bob\v0.9.4\nvim-win64\share\nvim\runtime\plugin\zipPlugin.vim
sourcing "C:\Users\Administrator\AppData\Local\nvim\plugin\packer_compiled.lua"
not found in 'packpath': "pack/*/opt/packer.nvim"
chdir(C:\Users\Administrator\AppData\Local\nvim)
chdir(vim/)
chdir(C:\Users\Administrator\AppData\Local\nvim)
chdir(C:\Users\Administrator\AppData\Local\nvim)
chdir(vim/)
chdir(C:\Users\Administrator\AppData\Local\nvim)
chdir(C:\Users\Administrator\AppData\Local\nvim)
chdir(vim/)
chdir(C:\Users\Administrator\AppData\Local\nvim)
finished sourcing C:\Users\Administrator\AppData\Local\nvim\plugin\packer_compiled.lua
sourcing "C:\Users\Administrator\AppData\Local\bob\v0.9.4\nvim-win64\share\nvim\runtime\plugin\editorconfig.lua"
finished sourcing C:\Users\Administrator\AppData\Local\bob\v0.9.4\nvim-win64\share\nvim\runtime\plugin\editorconfig.lua
sourcing "C:\Users\Administrator\AppData\Local\bob\v0.9.4\nvim-win64\share\nvim\runtime\plugin\man.lua"
finished sourcing C:\Users\Administrator\AppData\Local\bob\v0.9.4\nvim-win64\share\nvim\runtime\plugin\man.lua
sourcing "C:\Users\Administrator\AppData\Local\bob\v0.9.4\nvim-win64\share\nvim\runtime\plugin\nvim.lua"
finished sourcing C:\Users\Administrator\AppData\Local\bob\v0.9.4\nvim-win64\share\nvim\runtime\plugin\nvim.lua
sourcing "C:\Users\Administrator\AppData\Local\nvim-data\site\pack\packer\start\formatter.nvim\plugin\formatter.vim"
finished sourcing C:\Users\Administrator\AppData\Local\nvim-data\site\pack\packer\start\formatter.nvim\plugin\formatter.vim
sourcing "C:\Users\Administrator\AppData\Local\nvim-data\site\pack\packer\start\hydra.nvim\plugin\hydra.lua"
finished sourcing C:\Users\Administrator\AppData\Local\nvim-data\site\pack\packer\start\hydra.nvim\plugin\hydra.lua
sourcing "C:\Users\Administrator\AppData\Local\nvim-data\site\pack\packer\start\legendary.nvim\plugin\legendary.lua"
finished sourcing C:\Users\Administrator\AppData\Local\nvim-data\site\pack\packer\start\legendary.nvim\plugin\legendary.lua
sourcing "C:\Users\Administrator\AppData\Local\nvim-data\site\pack\packer\start\lsp-zero.nvim\plugin\lsp-zero.lua"
finished sourcing C:\Users\Administrator\AppData\Local\nvim-data\site\pack\packer\start\lsp-zero.nvim\plugin\lsp-zero.lua
sourcing "C:\Users\Administrator\AppData\Local\nvim-data\site\pack\packer\start\LuaSnip\plugin\luasnip.vim"
finished sourcing C:\Users\Administrator\AppData\Local\nvim-data\site\pack\packer\start\LuaSnip\plugin\luasnip.vim
sourcing "C:\Users\Administrator\AppData\Local\nvim-data\site\pack\packer\start\LuaSnip\plugin\luasnip.lua"
finished sourcing C:\Users\Administrator\AppData\Local\nvim-data\site\pack\packer\start\LuaSnip\plugin\luasnip.lua
sourcing "C:\Users\Administrator\AppData\Local\nvim-data\site\pack\packer\start\move.nvim\plugin\move.lua"
chdir(C:\Users\Administrator\AppData\Local\nvim)
chdir(vim/)
chdir(C:\Users\Administrator\AppData\Local\nvim)
finished sourcing C:\Users\Administrator\AppData\Local\nvim-data\site\pack\packer\start\move.nvim\plugin\move.lua
sourcing "C:\Users\Administrator\AppData\Local\nvim-data\site\pack\packer\start\neo-tree.nvim\plugin\neo-tree.vim"
finished sourcing C:\Users\Administrator\AppData\Local\nvim-data\site\pack\packer\start\neo-tree.nvim\plugin\neo-tree.vim
sourcing "C:\Users\Administrator\AppData\Local\nvim-data\site\pack\packer\start\nvim-cmp\plugin\cmp.lua"
finished sourcing C:\Users\Administrator\AppData\Local\nvim-data\site\pack\packer\start\nvim-cmp\plugin\cmp.lua
sourcing "C:\Users\Administrator\AppData\Local\nvim-data\site\pack\packer\start\nvim-dap\plugin\dap.lua"
finished sourcing C:\Users\Administrator\AppData\Local\nvim-data\site\pack\packer\start\nvim-dap\plugin\dap.lua
sourcing "C:\Users\Administrator\AppData\Local\nvim-data\site\pack\packer\start\nvim-lspconfig\plugin\lspconfig.lua"
finished sourcing C:\Users\Administrator\AppData\Local\nvim-data\site\pack\packer\start\nvim-lspconfig\plugin\lspconfig.lua
sourcing "C:\Users\Administrator\AppData\Local\nvim-data\site\pack\packer\start\nvim-treesitter\plugin\nvim-treesitter.lua"
finished sourcing C:\Users\Administrator\AppData\Local\nvim-data\site\pack\packer\start\nvim-treesitter\plugin\nvim-treesitter.lua
sourcing "C:\Users\Administrator\AppData\Local\nvim-data\site\pack\packer\start\nvim-web-devicons\plugin\nvim-web-devicons.vim"
finished sourcing C:\Users\Administrator\AppData\Local\nvim-data\site\pack\packer\start\nvim-web-devicons\plugin\nvim-web-devicons.vim
sourcing "C:\Users\Administrator\AppData\Local\nvim-data\site\pack\packer\start\plenary.nvim\plugin\plenary.vim"
finished sourcing C:\Users\Administrator\AppData\Local\nvim-data\site\pack\packer\start\plenary.nvim\plugin\plenary.vim
sourcing "C:\Users\Administrator\AppData\Local\nvim-data\site\pack\packer\start\renamer.nvim\plugin\renamer.vim"
finished sourcing C:\Users\Administrator\AppData\Local\nvim-data\site\pack\packer\start\renamer.nvim\plugin\renamer.vim
sourcing "C:\Users\Administrator\AppData\Local\nvim-data\site\pack\packer\start\telescope.nvim\plugin\telescope.lua"
finished sourcing C:\Users\Administrator\AppData\Local\nvim-data\site\pack\packer\start\telescope.nvim\plugin\telescope.lua
sourcing "C:\Users\Administrator\AppData\Local\nvim-data\site\pack\packer\start\undotree\plugin\undotree.vim"
finished sourcing C:\Users\Administrator\AppData\Local\nvim-data\site\pack\packer\start\undotree\plugin\undotree.vim
sourcing "C:\Users\Administrator\AppData\Local\nvim-data\site\pack\packer\start\vim-fugitive\plugin\fugitive.vim"
finished sourcing C:\Users\Administrator\AppData\Local\nvim-data\site\pack\packer\start\vim-fugitive\plugin\fugitive.vim
sourcing "C:\Users\Administrator\AppData\Local\nvim-data\site\pack\packer\start\vim-radical\plugin\radical.vim"
finished sourcing C:\Users\Administrator\AppData\Local\nvim-data\site\pack\packer\start\vim-radical\plugin\radical.vim
sourcing "C:\Users\Administrator\AppData\Local\nvim-data\site\pack\packer\start\vim-speeddating\plugin\speeddating.vim"
finished sourcing C:\Users\Administrator\AppData\Local\nvim-data\site\pack\packer\start\vim-speeddating\plugin\speeddating.vim
sourcing "C:\Users\Administrator\AppData\Local\nvim-data\site\pack\packer\start\vimtex\plugin\vimtex.vim"
finished sourcing C:\Users\Administrator\AppData\Local\nvim-data\site\pack\packer\start\vimtex\plugin\vimtex.vim
sourcing "C:\Users\Administrator\AppData\Local\nvim-data\site\pack\packer\start\which-key.nvim\plugin\which-key.vim"
finished sourcing C:\Users\Administrator\AppData\Local\nvim-data\site\pack\packer\start\which-key.nvim\plugin\which-key.vim
not found in 'packpath': "start/*"
not found in runtime path: "plugin/**/*.vim"
sourcing "C:\Users\Administrator\AppData\Local\nvim-data\site\pack\packer\start\cmp-nvim-lsp\after\plugin\cmp_nvim_lsp.lua"
finished sourcing C:\Users\Administrator\AppData\Local\nvim-data\site\pack\packer\start\cmp-nvim-lsp\after\plugin\cmp_nvim_lsp.lua
sourcing "C:\Users\Administrator\AppData\Local\nvim\after\plugin\auto-session.lua"
finished sourcing C:\Users\Administrator\AppData\Local\nvim\after\plugin\auto-session.lua
sourcing "C:\Users\Administrator\AppData\Local\nvim\after\plugin\bufferline.lua"
finished sourcing C:\Users\Administrator\AppData\Local\nvim\after\plugin\bufferline.lua
sourcing "C:\Users\Administrator\AppData\Local\nvim\after\plugin\builder.lua"
finished sourcing C:\Users\Administrator\AppData\Local\nvim\after\plugin\builder.lua
sourcing "C:\Users\Administrator\AppData\Local\nvim\after\plugin\compiler-nvim.lua"
finished sourcing C:\Users\Administrator\AppData\Local\nvim\after\plugin\compiler-nvim.lua
sourcing "C:\Users\Administrator\AppData\Local\nvim\after\plugin\devdocs.lua"
finished sourcing C:\Users\Administrator\AppData\Local\nvim\after\plugin\devdocs.lua
sourcing "C:\Users\Administrator\AppData\Local\nvim\after\plugin\emmet-lsp.lua"
finished sourcing C:\Users\Administrator\AppData\Local\nvim\after\plugin\emmet-lsp.lua
sourcing "C:\Users\Administrator\AppData\Local\nvim\after\plugin\FeMaco.lua"
finished sourcing C:\Users\Administrator\AppData\Local\nvim\after\plugin\FeMaco.lua
sourcing "C:\Users\Administrator\AppData\Local\nvim\after\plugin\lsp-signature.lua"
chdir(C:\Users\Administrator\AppData\Local\nvim)
chdir(vim/)
chdir(C:\Users\Administrator\AppData\Local\nvim)
chdir(C:\Users\Administrator\AppData\Local\nvim)
chdir(vim/)
chdir(C:\Users\Administrator\AppData\Local\nvim)
finished sourcing C:\Users\Administrator\AppData\Local\nvim\after\plugin\lsp-signature.lua
sourcing "C:\Users\Administrator\AppData\Local\nvim\after\plugin\lsp.lua"
finished sourcing C:\Users\Administrator\AppData\Local\nvim\after\plugin\lsp.lua
sourcing "C:\Users\Administrator\AppData\Local\nvim\after\plugin\lualine.lua"
chdir(C:\Users\Administrator\AppData\Local\nvim)
chdir(vim/)
chdir(C:\Users\Administrator\AppData\Local\nvim)
chdir(C:\Users\Administrator\AppData\Local\nvim)
chdir(vim/)
chdir(C:\Users\Administrator\AppData\Local\nvim)
chdir(C:\Users\Administrator\AppData\Local\nvim)
chdir(vim/)
chdir(C:\Users\Administrator\AppData\Local\nvim)
chdir(C:\Users\Administrator\AppData\Local\nvim)
chdir(vim/)
chdir(C:\Users\Administrator\AppData\Local\nvim)
chdir(C:\Users\Administrator\AppData\Local\nvim)
chdir(vim/)
chdir(C:\Users\Administrator\AppData\Local\nvim)
chdir(C:\Users\Administrator\AppData\Local\nvim)
chdir(vim/)
chdir(C:\Users\Administrator\AppData\Local\nvim)
chdir(C:\Users\Administrator\AppData\Local\nvim)
chdir(vim/)
chdir(C:\Users\Administrator\AppData\Local\nvim)
chdir(C:\Users\Administrator\AppData\Local\nvim)
chdir(vim/)
chdir(C:\Users\Administrator\AppData\Local\nvim)
chdir(C:\Users\Administrator\AppData\Local\nvim)
chdir(vim/)
chdir(C:\Users\Administrator\AppData\Local\nvim)
chdir(C:\Users\Administrator\AppData\Local\nvim)
chdir(vim/)
chdir(C:\Users\Administrator\AppData\Local\nvim)
chdir(C:\Users\Administrator\AppData\Local\nvim)
chdir(vim/)
chdir(C:\Users\Administrator\AppData\Local\nvim)
chdir(C:\Users\Administrator\AppData\Local\nvim)
chdir(vim/)
chdir(C:\Users\Administrator\AppData\Local\nvim)
chdir(C:\Users\Administrator\AppData\Local\nvim)
chdir(vim/)
chdir(C:\Users\Administrator\AppData\Local\nvim)
chdir(C:\Users\Administrator\AppData\Local\nvim)
chdir(vim/)
chdir(C:\Users\Administrator\AppData\Local\nvim)
not found in runtime path: "lua/lualine/components/branch.lua"
--- Autocommands ---
chdir(C:\Users\Administrator\AppData\Local\nvim)
chdir(vim/)
chdir(C:\Users\Administrator\AppData\Local\nvim)
not found in runtime path: "lua/lualine/components/diff.lua"
chdir(C:\Users\Administrator\AppData\Local\nvim)
chdir(vim/)
chdir(C:\Users\Administrator\AppData\Local\nvim)
chdir(C:\Users\Administrator\AppData\Local\nvim)
chdir(vim/)
chdir(C:\Users\Administrator\AppData\Local\nvim)
chdir(C:\Users\Administrator\AppData\Local\nvim)
chdir(vim/)
chdir(C:\Users\Administrator\AppData\Local\nvim)
chdir(C:\Users\Administrator\AppData\Local\nvim)
chdir(vim/)
chdir(C:\Users\Administrator\AppData\Local\nvim)
chdir(C:\Users\Administrator\AppData\Local\nvim)
chdir(vim/)
chdir(C:\Users\Administrator\AppData\Local\nvim)
chdir(C:\Users\Administrator\AppData\Local\nvim)
chdir(vim/)
chdir(C:\Users\Administrator\AppData\Local\nvim)
chdir(C:\Users\Administrator\AppData\Local\nvim)
chdir(vim/)
chdir(C:\Users\Administrator\AppData\Local\nvim)
chdir(C:\Users\Administrator\AppData\Local\nvim)
chdir(vim/)
chdir(C:\Users\Administrator\AppData\Local\nvim)
chdir(C:\Users\Administrator\AppData\Local\nvim)
chdir(vim/)
chdir(C:\Users\Administrator\AppData\Local\nvim)
chdir(C:\Users\Administrator\AppData\Local\nvim)
chdir(vim/)
chdir(C:\Users\Administrator\AppData\Local\nvim)
chdir(C:\Users\Administrator\AppData\Local\nvim)
chdir(vim/)
chdir(C:\Users\Administrator\AppData\Local\nvim)
chdir(C:\Users\Administrator\AppData\Local\nvim)
chdir(vim/)
chdir(C:\Users\Administrator\AppData\Local\nvim)
chdir(C:\Users\Administrator\AppData\Local\nvim)
chdir(vim/)
chdir(C:\Users\Administrator\AppData\Local\nvim)
chdir(C:\Users\Administrator\AppData\Local\nvim)
chdir(vim/)
chdir(C:\Users\Administrator\AppData\Local\nvim)
chdir(C:\Users\Administrator\AppData\Local\nvim)
chdir(vim/)
chdir(C:\Users\Administrator\AppData\Local\nvim)
chdir(C:\Users\Administrator\AppData\Local\nvim)
chdir(vim/)
chdir(C:\Users\Administrator\AppData\Local\nvim)
chdir(C:\Users\Administrator\AppData\Local\nvim)
chdir(vim/)
chdir(C:\Users\Administrator\AppData\Local\nvim)
chdir(C:\Users\Administrator\AppData\Local\nvim)
chdir(vim/)
chdir(C:\Users\Administrator\AppData\Local\nvim)
chdir(C:\Users\Administrator\AppData\Local\nvim)
chdir(vim/)
chdir(C:\Users\Administrator\AppData\Local\nvim)
chdir(C:\Users\Administrator\AppData\Local\nvim)
chdir(vim/)
chdir(C:\Users\Administrator\AppData\Local\nvim)
chdir(C:\Users\Administrator\AppData\Local\nvim)
chdir(vim/)
chdir(C:\Users\Administrator\AppData\Local\nvim)
--- Autocommands ---
lualine  BufEnter
    *         lua require'lualine.components.branch.git_branch'.find_git_dir()
	Last set from ~\AppData\Local\nvim\vim\_editor.lua line 341
chdir(C:\Users\Administrator\AppData\Local\nvim)
chdir(vim/)
chdir(C:\Users\Administrator\AppData\Local\nvim)
--- Autocommands ---
chdir(C:\Users\Administrator\AppData\Local\nvim)
chdir(vim/)
chdir(C:\Users\Administrator\AppData\Local\nvim)
not found in runtime path: "lua/lualine/components/diagnostics.lua"
chdir(C:\Users\Administrator\AppData\Local\nvim)
chdir(vim/)
chdir(C:\Users\Administrator\AppData\Local\nvim)
chdir(C:\Users\Administrator\AppData\Local\nvim)
chdir(vim/)
chdir(C:\Users\Administrator\AppData\Local\nvim)
chdir(C:\Users\Administrator\AppData\Local\nvim)
chdir(vim/)
chdir(C:\Users\Administrator\AppData\Local\nvim)
chdir(C:\Users\Administrator\AppData\Local\nvim)
chdir(vim/)
chdir(C:\Users\Administrator\AppData\Local\nvim)
chdir(C:\Users\Administrator\AppData\Local\nvim)
chdir(vim/)
chdir(C:\Users\Administrator\AppData\Local\nvim)
chdir(C:\Users\Administrator\AppData\Local\nvim)
chdir(vim/)
chdir(C:\Users\Administrator\AppData\Local\nvim)
chdir(C:\Users\Administrator\AppData\Local\nvim)
chdir(vim/)
chdir(C:\Users\Administrator\AppData\Local\nvim)
chdir(C:\Users\Administrator\AppData\Local\nvim)
chdir(vim/)
chdir(C:\Users\Administrator\AppData\Local\nvim)
chdir(C:\Users\Administrator\AppData\Local\nvim)
chdir(vim/)
chdir(C:\Users\Administrator\AppData\Local\nvim)
chdir(C:\Users\Administrator\AppData\Local\nvim)
chdir(vim/)
chdir(C:\Users\Administrator\AppData\Local\nvim)
chdir(C:\Users\Administrator\AppData\Local\nvim)
chdir(vim/)
chdir(C:\Users\Administrator\AppData\Local\nvim)
chdir(C:\Users\Administrator\AppData\Local\nvim)
chdir(vim/)
chdir(C:\Users\Administrator\AppData\Local\nvim)
chdir(C:\Users\Administrator\AppData\Local\nvim)
chdir(vim/)
chdir(C:\Users\Administrator\AppData\Local\nvim)
chdir(C:\Users\Administrator\AppData\Local\nvim)
chdir(vim/)
chdir(C:\Users\Administrator\AppData\Local\nvim)
chdir(C:\Users\Administrator\AppData\Local\nvim)
chdir(vim/)
chdir(C:\Users\Administrator\AppData\Local\nvim)
chdir(C:\Users\Administrator\AppData\Local\nvim)
chdir(vim/)
chdir(C:\Users\Administrator\AppData\Local\nvim)
chdir(C:\Users\Administrator\AppData\Local\nvim)
chdir(vim/)
chdir(C:\Users\Administrator\AppData\Local\nvim)
chdir(C:\Users\Administrator\AppData\Local\nvim)
chdir(vim/)
chdir(C:\Users\Administrator\AppData\Local\nvim)
chdir(C:\Users\Administrator\AppData\Local\nvim)
chdir(vim/)
chdir(C:\Users\Administrator\AppData\Local\nvim)
chdir(C:\Users\Administrator\AppData\Local\nvim)
chdir(vim/)
chdir(C:\Users\Administrator\AppData\Local\nvim)
chdir(C:\Users\Administrator\AppData\Local\nvim)
chdir(vim/)
chdir(C:\Users\Administrator\AppData\Local\nvim)
chdir(C:\Users\Administrator\AppData\Local\nvim)
chdir(vim/)
chdir(C:\Users\Administrator\AppData\Local\nvim)
chdir(C:\Users\Administrator\AppData\Local\nvim)
chdir(vim/)
chdir(C:\Users\Administrator\AppData\Local\nvim)
chdir(C:\Users\Administrator\AppData\Local\nvim)
chdir(vim/)
chdir(C:\Users\Administrator\AppData\Local\nvim)
chdir(C:\Users\Administrator\AppData\Local\nvim)
chdir(vim/)
chdir(C:\Users\Administrator\AppData\Local\nvim)
chdir(C:\Users\Administrator\AppData\Local\nvim)
chdir(vim/)
chdir(C:\Users\Administrator\AppData\Local\nvim)
chdir(C:\Users\Administrator\AppData\Local\nvim)
chdir(vim/)
chdir(C:\Users\Administrator\AppData\Local\nvim)
chdir(C:\Users\Administrator\AppData\Local\nvim)
chdir(vim/)
chdir(C:\Users\Administrator\AppData\Local\nvim)
--- Autocommands ---
chdir(C:\Users\Administrator\AppData\Local\nvim)
chdir(vim/)
chdir(C:\Users\Administrator\AppData\Local\nvim)
chdir(C:\Users\Administrator\AppData\Local\nvim)
chdir(vim/)
chdir(C:\Users\Administrator\AppData\Local\nvim)
chdir(C:\Users\Administrator\AppData\Local\nvim)
chdir(vim/)
chdir(C:\Users\Administrator\AppData\Local\nvim)
chdir(C:\Users\Administrator\AppData\Local\nvim)
chdir(vim/)
chdir(C:\Users\Administrator\AppData\Local\nvim)
chdir(C:\Users\Administrator\AppData\Local\nvim)
chdir(vim/)
chdir(C:\Users\Administrator\AppData\Local\nvim)
chdir(C:\Users\Administrator\AppData\Local\nvim)
chdir(vim/)
chdir(C:\Users\Administrator\AppData\Local\nvim)
chdir(C:\Users\Administrator\AppData\Local\nvim)
chdir(vim/)
chdir(C:\Users\Administrator\AppData\Local\nvim)
chdir(C:\Users\Administrator\AppData\Local\nvim)
chdir(vim/)
chdir(C:\Users\Administrator\AppData\Local\nvim)
chdir(C:\Users\Administrator\AppData\Local\nvim)
chdir(vim/)
chdir(C:\Users\Administrator\AppData\Local\nvim)
finished sourcing C:\Users\Administrator\AppData\Local\nvim\after\plugin\lualine.lua
sourcing "C:\Users\Administrator\AppData\Local\nvim\after\plugin\mini.comment.lua"
finished sourcing C:\Users\Administrator\AppData\Local\nvim\after\plugin\mini.comment.lua
sourcing "C:\Users\Administrator\AppData\Local\nvim\after\plugin\move.lua"
finished sourcing C:\Users\Administrator\AppData\Local\nvim\after\plugin\move.lua
sourcing "C:\Users\Administrator\AppData\Local\nvim\after\plugin\multicursor.lua"
finished sourcing C:\Users\Administrator\AppData\Local\nvim\after\plugin\multicursor.lua
sourcing "C:\Users\Administrator\AppData\Local\nvim\after\plugin\neotree.lua"
finished sourcing C:\Users\Administrator\AppData\Local\nvim\after\plugin\neotree.lua
sourcing "C:\Users\Administrator\AppData\Local\nvim\after\plugin\nvim-cmp.lua"
finished sourcing C:\Users\Administrator\AppData\Local\nvim\after\plugin\nvim-cmp.lua
sourcing "C:\Users\Administrator\AppData\Local\nvim\after\plugin\nvim-emmet.lua"
finished sourcing C:\Users\Administrator\AppData\Local\nvim\after\plugin\nvim-emmet.lua
sourcing "C:\Users\Administrator\AppData\Local\nvim\after\plugin\nvim-surround.lua"
finished sourcing C:\Users\Administrator\AppData\Local\nvim\after\plugin\nvim-surround.lua
sourcing "C:\Users\Administrator\AppData\Local\nvim\after\plugin\overseer-nvim.lua"
finished sourcing C:\Users\Administrator\AppData\Local\nvim\after\plugin\overseer-nvim.lua
sourcing "C:\Users\Administrator\AppData\Local\nvim\after\plugin\renamer.lua"
finished sourcing C:\Users\Administrator\AppData\Local\nvim\after\plugin\renamer.lua
sourcing "C:\Users\Administrator\AppData\Local\nvim\after\plugin\telescope.lua"
finished sourcing C:\Users\Administrator\AppData\Local\nvim\after\plugin\telescope.lua
sourcing "C:\Users\Administrator\AppData\Local\nvim\after\plugin\toggleterm.lua"
finished sourcing C:\Users\Administrator\AppData\Local\nvim\after\plugin\toggleterm.lua
sourcing "C:\Users\Administrator\AppData\Local\nvim\after\plugin\treesitter.lua"
finished sourcing C:\Users\Administrator\AppData\Local\nvim\after\plugin\treesitter.lua
sourcing "C:\Users\Administrator\AppData\Local\nvim\after\plugin\undotree.lua"
finished sourcing C:\Users\Administrator\AppData\Local\nvim\after\plugin\undotree.lua
sourcing "C:\Users\Administrator\AppData\Local\nvim\after\plugin\vim-fugitive.lua"
finished sourcing C:\Users\Administrator\AppData\Local\nvim\after\plugin\vim-fugitive.lua
sourcing "C:\Users\Administrator\AppData\Local\nvim\after\plugin\which-key.lua"
chdir(C:\Users\Administrator\AppData\Local\nvim)
chdir(vim/)
chdir(C:\Users\Administrator\AppData\Local\nvim)
finished sourcing C:\Users\Administrator\AppData\Local\nvim\after\plugin\which-key.lua
Reading ShaDa file "C:\Users\Administrator\AppData\Local\nvim-data\shada\main.shada" info marks oldfiles
Reading ShaDa file "C:\Users\Administrator\AppData\Local\nvim-data\shada\main.shada" marks
Executing BufNewFile Autocommands for "*"
autocommand <Lua 17: ~\AppData\Local\bob\v0.9.4\nvim-win64\share\nvim\runtime\filetype.lua:10>

Executing FileType Autocommands for "*"
autocommand call s:LoadFTPlugin()

line 19: sourcing "C:\Users\Administrator\AppData\Local\bob\v0.9.4\nvim-win64\share\nvim\runtime\ftplugin\c.vim"
finished sourcing C:\Users\Administrator\AppData\Local\bob\v0.9.4\nvim-win64\share\nvim\runtime\ftplugin\c.vim
continuing in <SNR>2_LoadFTPlugin
line 19: sourcing "C:\Users\Administrator\AppData\Local\bob\v0.9.4\nvim-win64\share\nvim\runtime\ftplugin\c.lua"
finished sourcing C:\Users\Administrator\AppData\Local\bob\v0.9.4\nvim-win64\share\nvim\runtime\ftplugin\c.lua
continuing in <SNR>2_LoadFTPlugin
Executing FileType Autocommands for "*"
autocommand call s:LoadIndent()

line 14: sourcing "C:\Users\Administrator\AppData\Local\bob\v0.9.4\nvim-win64\share\nvim\runtime\indent\c.vim"
finished sourcing C:\Users\Administrator\AppData\Local\bob\v0.9.4\nvim-win64\share\nvim\runtime\indent\c.vim
continuing in <SNR>3_LoadIndent
not found in runtime path: "indent/c.lua"
Executing FileType Autocommands for "*"
autocommand if !exists('b:ts_highlight') | 0verbose exe "set syntax=" . expand("<amatch>") | endif

Executing FileType Autocommands for "*"
autocommand <Lua 83: ~\AppData\Local\nvim-data\site\pack\packer\start\LuaSnip\plugin\luasnip.lua:86>

autocommand <Lua 85: ~\AppData\Local\nvim-data\site\pack\packer\start\LuaSnip\plugin\luasnip.lua:92>

autocommand <Lua 87: ~\AppData\Local\nvim-data\site\pack\packer\start\LuaSnip\plugin\luasnip.lua:98>

Executing FileType Autocommands for "c"
autocommand <Lua 197: ~\AppData\Local\nvim-data\site\pack\packer\start\nvim-lspconfig/lua/lspconfig/configs.lua:103>

Executing FileType Autocommands for "*"
autocommand call v:lua.require'lualine'.refresh({'kind': 'tabpage', 'place': ['statusline'], 'trigger': 'autocmd'})

Executing FileType Autocommands for "*"
autocommand <Lua 284: ~\AppData\